<?xml version="1.0" encoding="UTF-8"?>
<Site BuildName="Linux-g++"
	BuildStamp="20231029-1846-Experimental"
	Name="ZDavid-DELL-G5"
	Generator="ctest-3.22.1"
	CompilerName="/usr/bin/g++"
	CompilerVersion=""
	OSName="Linux"
	Hostname="ZDavid-DELL-G5"
	OSRelease="5.15.90.1-microsoft-standard-WSL2"
	OSVersion="#1 SMP Fri Jan 27 02:56:13 UTC 2023"
	OSPlatform="x86_64"
	Is64Bits="1"
	VendorString="GenuineIntel"
	VendorID="Intel Corporation"
	FamilyID="6"
	ModelID="158"
	ProcessorCacheSize="9216"
	NumberOfLogicalCPU="12"
	NumberOfPhysicalCPU="6"
	TotalVirtualMemory="2048"
	TotalPhysicalMemory="7835"
	LogicalProcessorsPerPhysical="2"
	ProcessorClockFrequency="2208.01"
	>
	<Testing>
		<StartDateTime>Oct 29 19:46 CET</StartDateTime>
		<StartTestTime>1698605165</StartTestTime>
		<TestList/>
		<EndDateTime>Oct 29 19:46 CET</EndDateTime>
		<EndTestTime>1698605165</EndTestTime>
		<ElapsedMinutes>0</ElapsedMinutes>
	</Testing>
</Site>
